<?xml version="1.0" encoding="UTF-8"?>
<testsuite name="com.bill.java.api.net.ExampleTest$On_Start$When_stuff_goes_wrong" tests="1" skipped="0" failures="0" errors="0" timestamp="2019-08-16T18:10:00" hostname="krwong-mbp" time="0.001">
  <properties/>
  <testcase name="should_start_with_0()" classname="com.bill.java.api.net.ExampleTest$On_Start$When_stuff_goes_wrong" time="0.001"/>
  <system-out><![CDATA[]]></system-out>
  <system-err><![CDATA[]]></system-err>
</testsuite>
